State [11]:
<Vn> ::= . "<" identifier ">" ;
<Vt> ::= . constString ;
<VList> ::= <VList> . <V> ;
<Vt> ::= . "number" ;
<V> ::= . <Vt> ;
<V> ::= . <Vn> ;
<Canditate> ::= <VList> . <V> ;
<Vt> ::= . "identifier" ;
<Vt> ::= . "userDefinedType" ;
<Vt> ::= . "constString" ;
<Vt> ::= . "null" ;
State [16]:
<Vt> ::= "number" . ;
State [10]:
<RightPartList> ::= . ;
<RightPartList> ::= . "|" <Canditate> <RightPartList> ;
<Production> ::= <Vn> "::=" <Canditate> . <RightPartList> ";" ;
State [7]:
<Vn> ::= "<" identifier . ">" ;
State [24]:
<Production> ::= <Vn> "::=" <Canditate> <RightPartList> ";" . ;
State [8]:
<Production> ::= <Vn> "::=" . <Canditate> <RightPartList> ";" ;
<Canditate> ::= . <VList> <V> ;
<VList> ::= . <VList> <V> ;
<VList> ::= . ;
State [6]:
<Production> ::= <Vn> . "::=" <Canditate> <RightPartList> ";" ;
State [23]:
<RightPartList> ::= . ;
<RightPartList> ::= . "|" <Canditate> <RightPartList> ;
<RightPartList> ::= "|" <Canditate> . <RightPartList> ;
State [17]:
<V> ::= <Vt> . ;
State [1]:
<Grammar> ::= . <ProductionList> <Production> ;
<ProductionList> ::= . ;
<S'> ::= . <Grammar> "$" ;
<ProductionList> ::= . <ProductionList> <Production> ;
State [15]:
<Canditate> ::= <VList> <V> . ;
<VList> ::= <VList> <V> . ;
State [19]:
<Vt> ::= "identifier" . ;
State [5]:
<Vn> ::= "<" . identifier ">" ;
State [12]:
<Canditate> ::= . <VList> <V> ;
<RightPartList> ::= "|" . <Canditate> <RightPartList> ;
<VList> ::= . <VList> <V> ;
<VList> ::= . ;
State [18]:
<V> ::= <Vn> . ;
State [22]:
<Vt> ::= "null" . ;
State [21]:
<Vt> ::= "constString" . ;
State [2]:
<Grammar> ::= <ProductionList> . <Production> ;
<Vn> ::= . "<" identifier ">" ;
<ProductionList> ::= <ProductionList> . <Production> ;
<Production> ::= . <Vn> "::=" <Canditate> <RightPartList> ";" ;
State [20]:
<Vt> ::= "userDefinedType" . ;
State [14]:
<Vt> ::= constString . ;
State [9]:
<Vn> ::= "<" identifier ">" . ;
State [4]:
<ProductionList> ::= <ProductionList> <Production> . ;
<Grammar> ::= <ProductionList> <Production> . ;
State [13]:
<Production> ::= <Vn> "::=" <Canditate> <RightPartList> . ";" ;
State [25]:
<RightPartList> ::= "|" <Canditate> <RightPartList> . ;
State [3]:
<S'> ::= <Grammar> . "$" ;